<?xml version="1.0" encoding="UTF-8"?>
<!-- Generated by org.testng.reporters.JUnitXMLReporter -->
<testsuite ignored="0" hostname="DESKTOP-SKM8B5K" failures="0" tests="10" name="Default test" time="6.22" errors="0" timestamp="2021-04-21T22:17:33 IST">
  <testcase classname="TestPack.GroupAssignment" name="loadAssignment" time="2.547"/>
  <testcase classname="TestPack.GroupAssignment" name="passValuesAndCheckMandatoryFields" time="3.255"/>
  <testcase classname="TestPack.GroupAssignment" name="emailValidation" time="0.078"/>
  <testcase classname="TestPack.GroupAssignment" name="checkCurrentMedications" time="0.132"/>
  <testcase classname="TestPack.GroupAssignment" name="validateSSN" time="0.068"/>
  <testcase classname="TestPack.GroupAssignment" name="validateContactNoText" time="0.019"/>
  <testcase classname="TestPack.GroupAssignment" name="validateMainHeading" time="0.026"/>
  <testcase classname="TestPack.GroupAssignment" name="validateSubHeading" time="0.025"/>
  <testcase classname="TestPack.GroupAssignment" name="headingAvailability" time="0.013"/>
  <testcase classname="TestPack.GroupAssignment" name="subHeadingAvailability" time="0.012"/>
</testsuite> <!-- Default test -->
